SETUP FAILURE LOG
==================================================
STDOUT:

[1m[94m============================================================[0m

STDERR:
Traceback (most recent call last):
  File "C:\Users\Phil\Desktop\DeveloperAkademie\BACKEND\Test_Projekt\Videoflix-main\setup.py", line 762, in <module>
    success = main()
  File "C:\Users\Phil\Desktop\DeveloperAkademie\BACKEND\Test_Projekt\Videoflix-main\setup.py", line 691, in main
    print_header("\U0001f3ac VIDEOFLIX BACKEND ROBUST SETUP")
    ~~~~~~~~~~~~^^^^^^^^^^^^^^^^^^^^^^^^^^^^^^^^^^^^^
  File "C:\Users\Phil\Desktop\DeveloperAkademie\BACKEND\Test_Projekt\Videoflix-main\setup.py", line 79, in print_header
    print(f"{Colors.BOLD}{Colors.BLUE}{message}{Colors.END}")
    ~~~~~^^^^^^^^^^^^^^^^^^^^^^^^^^^^^^^^^^^^^^^^^^^^^^^^^^^^
  File "C:\Users\Phil\AppData\Local\Programs\Python\Python313\Lib\encodings\cp1252.py", line 19, in encode
    return codecs.charmap_encode(input,self.errors,encoding_table)[0]
           ~~~~~~~~~~~~~~~~~~~~~^^^^^^^^^^^^^^^^^^^^^^^^^^^^^^^^^^
UnicodeEncodeError: 'charmap' codec can't encode character '\U0001f3ac' in position 9: character maps to <undefined>

During handling of the above exception, another exception occurred:

Traceback (most recent call last):
  File "C:\Users\Phil\Desktop\DeveloperAkademie\BACKEND\Test_Projekt\Videoflix-main\setup.py", line 773, in <module>
    print_error(f"\U0001f4a5 Unexpected error: {e}")
    ~~~~~~~~~~~^^^^^^^^^^^^^^^^^^^^^^^^^^^^^
  File "C:\Users\Phil\Desktop\DeveloperAkademie\BACKEND\Test_Projekt\Videoflix-main\setup.py", line 69, in print_error
    print(f"{Colors.RED}\u274c {message}{Colors.END}")
    ~~~~~^^^^^^^^^^^^^^^^^^^^^^^^^^^^^^^^^^^^^^^^^
  File "C:\Users\Phil\AppData\Local\Programs\Python\Python313\Lib\encodings\cp1252.py", line 19, in encode
    return codecs.charmap_encode(input,self.errors,encoding_table)[0]
           ~~~~~~~~~~~~~~~~~~~~~^^^^^^^^^^^^^^^^^^^^^^^^^^^^^^^^^^
UnicodeEncodeError: 'charmap' codec can't encode character '\u274c' in position 5: character maps to <undefined>

